{"uid":"afe0d6e53dec0b90","name":"accPageHeadersTest","fullName":"com.qa.opencart.tests.AccountsPageTest.accPageHeadersTest","historyId":"49eeb3189cabc10b07162362c6a0ea78","time":{"start":1748213219591,"stop":1748213221402,"duration":1811},"description":"checking open cart acc page headers...","descriptionHtml":"<p>checking open cart acc page headers...</p>\n","status":"failed","statusMessage":"lists don't have the same size expected [4] but found [0]","statusTrace":"java.lang.AssertionError: lists don't have the same size expected [4] but found [0]\r\n\tat org.testng.Assert.fail(Assert.java:110)\r\n\tat org.testng.Assert.failNotEquals(Assert.java:1413)\r\n\tat org.testng.Assert.assertEqualsImpl(Assert.java:149)\r\n\tat org.testng.Assert.assertEquals(Assert.java:131)\r\n\tat org.testng.Assert.assertEquals(Assert.java:1240)\r\n\tat org.testng.Assert.assertEquals(Assert.java:1465)\r\n\tat org.testng.Assert.assertEquals(Assert.java:1441)\r\n\tat com.qa.opencart.tests.AccountsPageTest.accPageHeadersTest(AccountsPageTest.java:58)\r\n\tat java.base/jdk.internal.reflect.NativeMethodAccessorImpl.invoke0(Native Method)\r\n\tat java.base/jdk.internal.reflect.NativeMethodAccessorImpl.invoke(NativeMethodAccessorImpl.java:77)\r\n\tat java.base/jdk.internal.reflect.DelegatingMethodAccessorImpl.invoke(DelegatingMethodAccessorImpl.java:43)\r\n\tat java.base/java.lang.reflect.Method.invoke(Method.java:568)\r\n\tat org.testng.internal.invokers.MethodInvocationHelper.invokeMethod(MethodInvocationHelper.java:139)\r\n\tat org.testng.internal.invokers.TestInvoker.invokeMethod(TestInvoker.java:677)\r\n\tat org.testng.internal.invokers.TestInvoker.invokeTestMethod(TestInvoker.java:221)\r\n\tat org.testng.internal.invokers.MethodRunner.runInSequence(MethodRunner.java:50)\r\n\tat org.testng.internal.invokers.TestInvoker$MethodInvocationAgent.invoke(TestInvoker.java:969)\r\n\tat org.testng.internal.invokers.TestInvoker.invokeTestMethods(TestInvoker.java:194)\r\n\tat org.testng.internal.invokers.TestMethodWorker.invokeTestMethods(TestMethodWorker.java:148)\r\n\tat org.testng.internal.invokers.TestMethodWorker.run(TestMethodWorker.java:128)\r\n\tat java.base/java.util.ArrayList.forEach(ArrayList.java:1511)\r\n\tat org.testng.TestRunner.privateRun(TestRunner.java:829)\r\n\tat org.testng.TestRunner.run(TestRunner.java:602)\r\n\tat org.testng.SuiteRunner.runTest(SuiteRunner.java:437)\r\n\tat org.testng.SuiteRunner$SuiteWorker.run(SuiteRunner.java:475)\r\n\tat org.testng.internal.thread.ThreadUtil.lambda$execute$0(ThreadUtil.java:58)\r\n\tat java.base/java.util.concurrent.FutureTask.run(FutureTask.java:264)\r\n\tat java.base/java.util.concurrent.ThreadPoolExecutor.runWorker(ThreadPoolExecutor.java:1136)\r\n\tat java.base/java.util.concurrent.ThreadPoolExecutor$Worker.run(ThreadPoolExecutor.java:635)\r\n\tat java.base/java.lang.Thread.run(Thread.java:842)\r\n","flaky":false,"newFailed":false,"newBroken":false,"newPassed":false,"retriesCount":0,"retriesStatusChange":false,"beforeStages":[{"name":"setup","time":{"start":1748213048164,"stop":1748213217532,"duration":169368},"description":"init the driver and properties","status":"passed","steps":[{"name":"init driver with properties: {headless=false, highlight=false, password=Test@123, browser=chrome, incognito=false, url=https://naveenautomationlabs.com/opencart/index.php?route=account/login, username=swanand@test.com}","time":{"start":1748213048529,"stop":1748213217332,"duration":168803},"status":"passed","steps":[],"attachments":[],"parameters":[{"name":"prop","value":"{headless=false, highlight=false, password=Test@123, browser=chrome, incognito=false, url=https://naveenautomationlabs.com/opencart/index.php?route=account/login, username=swanand@test.com}"}],"stepsCount":0,"shouldDisplayMessage":false,"attachmentsCount":0,"hasContent":true,"attachmentStep":false}],"attachments":[],"parameters":[],"stepsCount":1,"shouldDisplayMessage":false,"attachmentsCount":0,"hasContent":true,"attachmentStep":false},{"name":"accPageSetup","time":{"start":1748213217622,"stop":1748213219585,"duration":1963},"description":"","status":"passed","steps":[{"name":"login with valid username: swanand@test.com and password: Test@123","time":{"start":1748213217623,"stop":1748213219585,"duration":1962},"status":"passed","steps":[{"name":"waiting for element using: By.id: input-email and timeout : 10","time":{"start":1748213217625,"stop":1748213217902,"duration":277},"status":"passed","steps":[],"attachments":[],"parameters":[{"name":"locator","value":"By.id: input-email"},{"name":"timeOut","value":"10"}],"stepsCount":0,"shouldDisplayMessage":false,"attachmentsCount":0,"hasContent":true,"attachmentStep":false},{"name":"entering value : Test@123 into element: By.id: input-password","time":{"start":1748213219012,"stop":1748213219372,"duration":360},"status":"passed","steps":[{"name":"finding the element using: By.id: input-password","time":{"start":1748213219012,"stop":1748213219033,"duration":21},"status":"passed","steps":[],"attachments":[],"parameters":[{"name":"locator","value":"By.id: input-password"}],"stepsCount":0,"shouldDisplayMessage":false,"attachmentsCount":0,"hasContent":true,"attachmentStep":false},{"name":"finding the element using: By.id: input-password","time":{"start":1748213219080,"stop":1748213219100,"duration":20},"status":"passed","steps":[],"attachments":[],"parameters":[{"name":"locator","value":"By.id: input-password"}],"stepsCount":0,"shouldDisplayMessage":false,"attachmentsCount":0,"hasContent":true,"attachmentStep":false}],"attachments":[],"parameters":[{"name":"locator","value":"By.id: input-password"},{"name":"value","value":"Test@123"}],"stepsCount":2,"shouldDisplayMessage":false,"attachmentsCount":0,"hasContent":true,"attachmentStep":false},{"name":"clicking on element using : By.xpath: //input[@value='Login']","time":{"start":1748213219372,"stop":1748213219574,"duration":202},"status":"passed","steps":[{"name":"finding the element using: By.xpath: //input[@value='Login']","time":{"start":1748213219372,"stop":1748213219422,"duration":50},"status":"passed","steps":[],"attachments":[],"parameters":[{"name":"locator","value":"By.xpath: //input[@value='Login']"}],"stepsCount":0,"shouldDisplayMessage":false,"attachmentsCount":0,"hasContent":true,"attachmentStep":false}],"attachments":[],"parameters":[{"name":"locator","value":"By.xpath: //input[@value='Login']"}],"stepsCount":1,"shouldDisplayMessage":false,"attachmentsCount":0,"hasContent":true,"attachmentStep":false}],"attachments":[],"parameters":[{"name":"username","value":"swanand@test.com"},{"name":"pwd","value":"Test@123"}],"stepsCount":6,"shouldDisplayMessage":false,"attachmentsCount":0,"hasContent":true,"attachmentStep":false}],"attachments":[],"parameters":[],"stepsCount":7,"shouldDisplayMessage":false,"attachmentsCount":0,"hasContent":true,"attachmentStep":false}],"testStage":{"description":"checking open cart acc page headers...","status":"failed","statusMessage":"lists don't have the same size expected [4] but found [0]","statusTrace":"java.lang.AssertionError: lists don't have the same size expected [4] but found [0]\r\n\tat org.testng.Assert.fail(Assert.java:110)\r\n\tat org.testng.Assert.failNotEquals(Assert.java:1413)\r\n\tat org.testng.Assert.assertEqualsImpl(Assert.java:149)\r\n\tat org.testng.Assert.assertEquals(Assert.java:131)\r\n\tat org.testng.Assert.assertEquals(Assert.java:1240)\r\n\tat org.testng.Assert.assertEquals(Assert.java:1465)\r\n\tat org.testng.Assert.assertEquals(Assert.java:1441)\r\n\tat com.qa.opencart.tests.AccountsPageTest.accPageHeadersTest(AccountsPageTest.java:58)\r\n\tat java.base/jdk.internal.reflect.NativeMethodAccessorImpl.invoke0(Native Method)\r\n\tat java.base/jdk.internal.reflect.NativeMethodAccessorImpl.invoke(NativeMethodAccessorImpl.java:77)\r\n\tat java.base/jdk.internal.reflect.DelegatingMethodAccessorImpl.invoke(DelegatingMethodAccessorImpl.java:43)\r\n\tat java.base/java.lang.reflect.Method.invoke(Method.java:568)\r\n\tat org.testng.internal.invokers.MethodInvocationHelper.invokeMethod(MethodInvocationHelper.java:139)\r\n\tat org.testng.internal.invokers.TestInvoker.invokeMethod(TestInvoker.java:677)\r\n\tat org.testng.internal.invokers.TestInvoker.invokeTestMethod(TestInvoker.java:221)\r\n\tat org.testng.internal.invokers.MethodRunner.runInSequence(MethodRunner.java:50)\r\n\tat org.testng.internal.invokers.TestInvoker$MethodInvocationAgent.invoke(TestInvoker.java:969)\r\n\tat org.testng.internal.invokers.TestInvoker.invokeTestMethods(TestInvoker.java:194)\r\n\tat org.testng.internal.invokers.TestMethodWorker.invokeTestMethods(TestMethodWorker.java:148)\r\n\tat org.testng.internal.invokers.TestMethodWorker.run(TestMethodWorker.java:128)\r\n\tat java.base/java.util.ArrayList.forEach(ArrayList.java:1511)\r\n\tat org.testng.TestRunner.privateRun(TestRunner.java:829)\r\n\tat org.testng.TestRunner.run(TestRunner.java:602)\r\n\tat org.testng.SuiteRunner.runTest(SuiteRunner.java:437)\r\n\tat org.testng.SuiteRunner$SuiteWorker.run(SuiteRunner.java:475)\r\n\tat org.testng.internal.thread.ThreadUtil.lambda$execute$0(ThreadUtil.java:58)\r\n\tat java.base/java.util.concurrent.FutureTask.run(FutureTask.java:264)\r\n\tat java.base/java.util.concurrent.ThreadPoolExecutor.runWorker(ThreadPoolExecutor.java:1136)\r\n\tat java.base/java.util.concurrent.ThreadPoolExecutor$Worker.run(ThreadPoolExecutor.java:635)\r\n\tat java.base/java.lang.Thread.run(Thread.java:842)\r\n","steps":[{"name":"getting acc page headers","time":{"start":1748213219592,"stop":1748213221377,"duration":1785},"status":"passed","steps":[],"attachments":[],"parameters":[],"stepsCount":0,"shouldDisplayMessage":false,"attachmentsCount":0,"hasContent":false,"attachmentStep":false}],"attachments":[],"parameters":[],"stepsCount":1,"shouldDisplayMessage":true,"attachmentsCount":0,"hasContent":true,"attachmentStep":false},"afterStages":[{"name":"attachScreenshot","time":{"start":1748213221415,"stop":1748213222488,"duration":1073},"description":"","status":"passed","steps":[],"attachments":[],"parameters":[],"stepsCount":0,"shouldDisplayMessage":false,"attachmentsCount":0,"hasContent":false,"attachmentStep":false},{"name":"tearDown","time":{"start":1748213222582,"stop":1748213223096,"duration":514},"description":"closing the browser..","status":"passed","steps":[],"attachments":[],"parameters":[],"stepsCount":0,"shouldDisplayMessage":false,"attachmentsCount":0,"hasContent":false,"attachmentStep":false}],"labels":[{"name":"package","value":"com.qa.opencart.tests.AccountsPageTest"},{"name":"testClass","value":"com.qa.opencart.tests.AccountsPageTest"},{"name":"testMethod","value":"accPageHeadersTest"},{"name":"parentSuite","value":"Opencart App Test Regression Suite"},{"name":"suite","value":"Accounts Page Test_chrome"},{"name":"subSuite","value":"com.qa.opencart.tests.AccountsPageTest"},{"name":"host","value":"LAPTOP-V9650POK"},{"name":"thread","value":"16032@LAPTOP-V9650POK.TestNG-tests-2(23)"},{"name":"framework","value":"testng"},{"name":"language","value":"java"},{"name":"owner","value":"Naveen"},{"name":"epic","value":"Epic 200: design pages for open cart application"},{"name":"story","value":"US 201: implement Accounts page for open cart application"},{"name":"feature","value":"F 60: Open Cart - Login Feature"},{"name":"severity","value":"minor"},{"name":"resultFormat","value":"allure2"}],"parameters":[{"name":"browser","value":"chrome"}],"links":[],"hidden":true,"retry":true,"extra":{"categories":[],"tags":[]},"source":"afe0d6e53dec0b90.json","parameterValues":["chrome"]}